<?xml version="1.0" encoding="UTF-8"?>
<coverage generated="1528526523">
  <project timestamp="1528526523">
    <package name="Ldf\Gutenberg\Compiler">
      <file name="/var/www/ldf-gutenberg/src/Ldf/Gutenberg/Compiler/Engine.php">
        <class name="Ldf\Gutenberg\Compiler\Engine" namespace="Ldf\Gutenberg\Compiler" fullPackage="Ldf" package="Ldf">
          <metrics complexity="3" methods="2" coveredmethods="2" conditionals="0" coveredconditionals="0" statements="5" coveredstatements="5" elements="7" coveredelements="7"/>
        </class>
        <line num="20" type="method" name="__construct" visibility="public" complexity="1" crap="1" count="1"/>
        <line num="22" type="stmt" count="1"/>
        <line num="23" type="stmt" count="1"/>
        <line num="28" type="method" name="compile" visibility="public" complexity="2" crap="2" count="2"/>
        <line num="31" type="stmt" count="2"/>
        <line num="33" type="stmt" count="2"/>
        <line num="36" type="stmt" count="1"/>
        <metrics loc="39" ncloc="25" classes="1" methods="2" coveredmethods="2" conditionals="0" coveredconditionals="0" statements="5" coveredstatements="5" elements="7" coveredelements="7"/>
      </file>
      <file name="/var/www/ldf-gutenberg/src/Ldf/Gutenberg/Compiler/Import.php">
        <class name="Ldf\Gutenberg\Compiler\Import" namespace="Ldf\Gutenberg\Compiler" fullPackage="Ldf" package="Ldf">
          <metrics complexity="3" methods="2" coveredmethods="2" conditionals="0" coveredconditionals="0" statements="6" coveredstatements="6" elements="8" coveredelements="8"/>
        </class>
        <line num="24" type="method" name="__construct" visibility="public" complexity="1" crap="1" count="1"/>
        <line num="26" type="stmt" count="1"/>
        <line num="27" type="stmt" count="1"/>
        <line num="34" type="method" name="compile" visibility="public" complexity="2" crap="2" count="2"/>
        <line num="36" type="stmt" count="2"/>
        <line num="39" type="stmt" count="2"/>
        <line num="41" type="stmt" count="2"/>
        <line num="44" type="stmt" count="1"/>
        <metrics loc="46" ncloc="28" classes="1" methods="2" coveredmethods="2" conditionals="0" coveredconditionals="0" statements="6" coveredstatements="6" elements="8" coveredelements="8"/>
      </file>
      <file name="/var/www/ldf-gutenberg/src/Ldf/Gutenberg/Compiler/ThisYear.php">
        <class name="Ldf\Gutenberg\Compiler\ThisYear" namespace="Ldf\Gutenberg\Compiler" fullPackage="Ldf" package="Ldf">
          <metrics complexity="2" methods="2" coveredmethods="0" conditionals="0" coveredconditionals="0" statements="3" coveredstatements="0" elements="5" coveredelements="0"/>
        </class>
        <line num="21" type="method" name="__construct" visibility="public" complexity="1" crap="2.00" count="0"/>
        <line num="23" type="stmt" count="0"/>
        <line num="24" type="stmt" count="0"/>
        <line num="31" type="method" name="compile" visibility="public" complexity="1" crap="2.00" count="0"/>
        <line num="33" type="stmt" count="0"/>
        <metrics loc="35" ncloc="22" classes="1" methods="2" coveredmethods="0" conditionals="0" coveredconditionals="0" statements="3" coveredstatements="0" elements="5" coveredelements="0"/>
      </file>
      <file name="/var/www/ldf-gutenberg/src/Ldf/Gutenberg/Compiler/Wrapper.php">
        <class name="Ldf\Gutenberg\Compiler\Wrapper" namespace="Ldf\Gutenberg\Compiler" fullPackage="Ldf" package="Ldf">
          <metrics complexity="8" methods="4" coveredmethods="3" conditionals="0" coveredconditionals="0" statements="13" coveredstatements="12" elements="17" coveredelements="15"/>
        </class>
        <line num="21" type="method" name="__construct" visibility="public" complexity="1" crap="1" count="1"/>
        <line num="23" type="stmt" count="1"/>
        <line num="24" type="stmt" count="1"/>
        <line num="29" type="method" name="compile" visibility="public" complexity="2" crap="2" count="2"/>
        <line num="31" type="stmt" count="2"/>
        <line num="32" type="stmt" count="2"/>
        <line num="34" type="stmt" count="1"/>
        <line num="36" type="stmt" count="1"/>
        <line num="39" type="method" name="cleanseInheritanceTag" visibility="private" complexity="1" crap="1" count="1"/>
        <line num="41" type="stmt" count="1"/>
        <line num="44" type="method" name="getBaseTemplate" visibility="private" complexity="4" crap="4.07" count="2"/>
        <line num="46" type="stmt" count="2"/>
        <line num="48" type="stmt" count="2"/>
        <line num="50" type="stmt" count="0"/>
        <line num="53" type="stmt" count="2"/>
        <line num="55" type="stmt" count="1"/>
        <line num="58" type="stmt" count="1"/>
        <metrics loc="59" ncloc="49" classes="1" methods="4" coveredmethods="3" conditionals="0" coveredconditionals="0" statements="13" coveredstatements="12" elements="17" coveredelements="15"/>
      </file>
      <file name="/var/www/ldf-gutenberg/src/Ldf/Gutenberg/Compiler/XWing.php">
        <class name="Ldf\Gutenberg\Compiler\XWing" namespace="Ldf\Gutenberg\Compiler" fullPackage="Ldf" package="Ldf">
          <metrics complexity="1" methods="1" coveredmethods="1" conditionals="0" coveredconditionals="0" statements="1" coveredstatements="1" elements="2" coveredelements="2"/>
        </class>
        <line num="19" type="method" name="compile" visibility="public" complexity="1" crap="1" count="1"/>
        <line num="21" type="stmt" count="1"/>
        <metrics loc="23" ncloc="13" classes="1" methods="1" coveredmethods="1" conditionals="0" coveredconditionals="0" statements="1" coveredstatements="1" elements="2" coveredelements="2"/>
      </file>
    </package>
    <file name="/var/www/ldf-gutenberg/src/Ldf/Gutenberg/Compiler/ICompiler.php">
      <metrics loc="21" ncloc="12" classes="0" methods="0" coveredmethods="0" conditionals="0" coveredconditionals="0" statements="0" coveredstatements="0" elements="0" coveredelements="0"/>
    </file>
    <package name="Ldf\Gutenberg">
      <file name="/var/www/ldf-gutenberg/src/Ldf/Gutenberg/Exception.php">
        <class name="Ldf\Gutenberg\Exception" namespace="Ldf\Gutenberg">
          <metrics complexity="0" methods="0" coveredmethods="0" conditionals="0" coveredconditionals="0" statements="0" coveredstatements="0" elements="0" coveredelements="0"/>
        </class>
        <metrics loc="10" ncloc="10" classes="0" methods="0" coveredmethods="0" conditionals="0" coveredconditionals="0" statements="0" coveredstatements="0" elements="0" coveredelements="0"/>
      </file>
      <file name="/var/www/ldf-gutenberg/src/Ldf/Gutenberg/FileTemplateLoader.php">
        <class name="Ldf\Gutenberg\FileTemplateLoader" namespace="Ldf\Gutenberg" fullPackage="Ldf" package="Ldf">
          <metrics complexity="7" methods="4" coveredmethods="4" conditionals="0" coveredconditionals="0" statements="11" coveredstatements="11" elements="15" coveredelements="15"/>
        </class>
        <line num="24" type="method" name="__construct" visibility="public" complexity="1" crap="1" count="4"/>
        <line num="26" type="stmt" count="4"/>
        <line num="27" type="stmt" count="4"/>
        <line num="34" type="method" name="loadTemplate" visibility="public" complexity="1" crap="1" count="4"/>
        <line num="36" type="stmt" count="4"/>
        <line num="37" type="stmt" count="4"/>
        <line num="40" type="method" name="getFileTag" visibility="private" complexity="1" crap="1" count="4"/>
        <line num="42" type="stmt" count="4"/>
        <line num="50" type="method" name="resolveFileName" visibility="private" complexity="4" crap="4" count="5"/>
        <line num="53" type="stmt" count="5"/>
        <line num="59" type="stmt" count="5"/>
        <line num="61" type="stmt" count="5"/>
        <line num="63" type="stmt" count="5"/>
        <line num="65" type="stmt" count="5"/>
        <line num="69" type="stmt" count="1"/>
        <metrics loc="71" ncloc="48" classes="1" methods="4" coveredmethods="4" conditionals="0" coveredconditionals="0" statements="11" coveredstatements="11" elements="15" coveredelements="15"/>
      </file>
      <file name="/var/www/ldf-gutenberg/src/Ldf/Gutenberg/Gutenberg.php">
        <class name="Ldf\Gutenberg\Gutenberg" namespace="Ldf\Gutenberg" fullPackage="Ldf" package="Ldf">
          <metrics complexity="3" methods="3" coveredmethods="0" conditionals="0" coveredconditionals="0" statements="4" coveredstatements="0" elements="7" coveredelements="0"/>
        </class>
        <line num="18" type="method" name="__construct" visibility="private" complexity="1" crap="2.00" count="0"/>
        <line num="20" type="stmt" count="0"/>
        <line num="21" type="stmt" count="0"/>
        <line num="29" type="method" name="ForWorkspace" visibility="public" complexity="1" crap="2.00" count="0"/>
        <line num="31" type="stmt" count="0"/>
        <line num="37" type="method" name="withWipeOut" visibility="public" complexity="1" crap="2.00" count="0"/>
        <line num="39" type="stmt" count="0"/>
        <metrics loc="41" ncloc="25" classes="1" methods="3" coveredmethods="0" conditionals="0" coveredconditionals="0" statements="4" coveredstatements="0" elements="7" coveredelements="0"/>
      </file>
      <file name="/var/www/ldf-gutenberg/src/Ldf/Gutenberg/TemplateRenderer.php">
        <class name="Ldf\Gutenberg\TemplateRenderer" namespace="Ldf\Gutenberg" fullPackage="Ldf" package="Ldf">
          <metrics complexity="5" methods="4" coveredmethods="3" conditionals="0" coveredconditionals="0" statements="13" coveredstatements="11" elements="17" coveredelements="14"/>
        </class>
        <line num="27" type="method" name="__construct" visibility="public" complexity="1" crap="1" count="1"/>
        <line num="29" type="stmt" count="1"/>
        <line num="30" type="stmt" count="1"/>
        <line num="31" type="stmt" count="1"/>
        <line num="32" type="stmt" count="1"/>
        <line num="33" type="stmt" count="1"/>
        <line num="35" type="stmt" count="1"/>
        <line num="40" type="method" name="render" visibility="public" complexity="1" crap="1" count="1"/>
        <line num="42" type="stmt" count="1"/>
        <line num="50" type="method" name="getFullTemplate" visibility="private" complexity="1" crap="2.00" count="0"/>
        <line num="52" type="stmt" count="0"/>
        <line num="53" type="stmt" count="0"/>
        <line num="57" type="method" name="resolveVariables" visibility="private" complexity="2" crap="2" count="1"/>
        <line num="59" type="stmt" count="1"/>
        <line num="61" type="stmt" count="1"/>
        <line num="63" type="stmt" count="1"/>
        <line num="66" type="stmt" count="1"/>
        <metrics loc="68" ncloc="50" classes="1" methods="4" coveredmethods="3" conditionals="0" coveredconditionals="0" statements="13" coveredstatements="11" elements="17" coveredelements="14"/>
      </file>
      <file name="/var/www/ldf-gutenberg/src/Ldf/Gutenberg/TemplateWipeOut.php">
        <class name="Ldf\Gutenberg\TemplateWipeOut" namespace="Ldf\Gutenberg" fullPackage="Ldf" package="Ldf">
          <metrics complexity="4" methods="2" coveredmethods="2" conditionals="0" coveredconditionals="0" statements="8" coveredstatements="8" elements="10" coveredelements="10"/>
        </class>
        <line num="22" type="method" name="__construct" visibility="public" complexity="1" crap="1" count="2"/>
        <line num="24" type="stmt" count="2"/>
        <line num="25" type="stmt" count="2"/>
        <line num="30" type="method" name="render" visibility="public" complexity="3" crap="3" count="2"/>
        <line num="32" type="stmt" count="2"/>
        <line num="34" type="stmt" count="2"/>
        <line num="36" type="stmt" count="2"/>
        <line num="38" type="stmt" count="1"/>
        <line num="40" type="stmt" count="1"/>
        <line num="44" type="stmt" count="1"/>
        <metrics loc="46" ncloc="32" classes="1" methods="2" coveredmethods="2" conditionals="0" coveredconditionals="0" statements="8" coveredstatements="8" elements="10" coveredelements="10"/>
      </file>
    </package>
    <file name="/var/www/ldf-gutenberg/src/Ldf/Gutenberg/IRenderer.php">
      <metrics loc="20" ncloc="10" classes="0" methods="0" coveredmethods="0" conditionals="0" coveredconditionals="0" statements="0" coveredstatements="0" elements="0" coveredelements="0"/>
    </file>
    <file name="/var/www/ldf-gutenberg/src/Ldf/Gutenberg/ITemplateLoader.php">
      <metrics loc="20" ncloc="10" classes="0" methods="0" coveredmethods="0" conditionals="0" coveredconditionals="0" statements="0" coveredstatements="0" elements="0" coveredelements="0"/>
    </file>
    <file name="/var/www/ldf-gutenberg/src/Ldf/Gutenberg/IWipeOutConfigurable.php">
      <metrics loc="18" ncloc="10" classes="0" methods="0" coveredmethods="0" conditionals="0" coveredconditionals="0" statements="0" coveredstatements="0" elements="0" coveredelements="0"/>
    </file>
    <metrics files="14" loc="517" ncloc="344" classes="9" methods="24" coveredmethods="17" conditionals="0" coveredconditionals="0" statements="64" coveredstatements="54" elements="88" coveredelements="71"/>
  </project>
</coverage>
